<?xml version="1.0" encoding="UTF-8"?>
<testng-results skipped="0" failed="0" ignored="0" total="1" passed="1">
  <reporter-output>
  </reporter-output>
  <suite name="Default suite" duration-ms="11741" started-at="2017-09-04T09:12:27Z" finished-at="2017-09-04T09:12:38Z">
    <groups>
    </groups>
    <test name="Default test" duration-ms="11741" started-at="2017-09-04T09:12:27Z" finished-at="2017-09-04T09:12:38Z">
      <class name="Sample">
        <test-method status="PASS" signature="login()[pri:0, instance:Sample@6767c1fc]" name="login" duration-ms="11714" started-at="2017-09-04T14:42:27Z" finished-at="2017-09-04T14:42:38Z">
          <reporter-output>
          </reporter-output>
        </test-method> <!-- login -->
      </class> <!-- Sample -->
    </test> <!-- Default test -->
  </suite> <!-- Default suite -->
</testng-results>
